{
  "RSpec": {
    "coverage": {
      "/home/flavio/Área de Trabalho/teste/gabi_project/gabi_project_backend/app/helpers/application_helper.rb": {
        "lines": [
          1,
          null
        ]
      },
      "/home/flavio/Área de Trabalho/teste/gabi_project/gabi_project_backend/app/models/clinical_note.rb": {
        "lines": [
          1,
          1,
          null,
          1,
          null
        ]
      },
      "/home/flavio/Área de Trabalho/teste/gabi_project/gabi_project_backend/app/models/application_record.rb": {
        "lines": [
          1,
          1,
          null
        ]
      },
      "/home/flavio/Área de Trabalho/teste/gabi_project/gabi_project_backend/app/models/user.rb": {
        "lines": [
          1,
          1,
          null,
          1,
          null,
          null,
          null,
          null,
          null,
          null,
          1,
          null
        ]
      },
      "/home/flavio/Área de Trabalho/teste/gabi_project/gabi_project_backend/app/policies/admin_policy.rb": {
        "lines": [
          1,
          1,
          4,
          null,
          null
        ]
      },
      "/home/flavio/Área de Trabalho/teste/gabi_project/gabi_project_backend/app/policies/application_policy.rb": {
        "lines": [
          1,
          1,
          null,
          1,
          4,
          4,
          null,
          null
        ]
      },
      "/home/flavio/Área de Trabalho/teste/gabi_project/gabi_project_backend/app/controllers/admins/dashboard_controller.rb": {
        "lines": [
          1,
          1,
          1,
          null,
          1,
          2,
          null,
          1,
          null,
          1,
          null,
          2,
          null,
          null,
          null,
          null,
          null,
          null,
          null,
          1,
          null,
          null
        ]
      },
      "/home/flavio/Área de Trabalho/teste/gabi_project/gabi_project_backend/app/controllers/application_controller.rb": {
        "lines": [
          1,
          null,
          null,
          null,
          null,
          1,
          null,
          1,
          null,
          1,
          1,
          null,
          null
        ]
      },
      "/home/flavio/Área de Trabalho/teste/gabi_project/gabi_project_backend/app/controllers/clients/dashboard_controller.rb": {
        "lines": [
          1,
          1,
          null,
          1,
          1,
          0,
          null,
          null,
          1,
          null,
          null,
          null,
          null,
          null,
          null,
          null,
          null
        ]
      },
      "/home/flavio/Área de Trabalho/teste/gabi_project/gabi_project_backend/app/controllers/home_controller.rb": {
        "lines": [
          0,
          null,
          0,
          null,
          0,
          0,
          0,
          0,
          0,
          0,
          0,
          0,
          0,
          0
        ],
        "branches": {}
      },
      "/home/flavio/Área de Trabalho/teste/gabi_project/gabi_project_backend/app/jobs/application_job.rb": {
        "lines": [
          0,
          null,
          null,
          null,
          null,
          null,
          0
        ],
        "branches": {}
      },
      "/home/flavio/Área de Trabalho/teste/gabi_project/gabi_project_backend/app/mailers/application_mailer.rb": {
        "lines": [
          0,
          0,
          0,
          0
        ],
        "branches": {}
      }
    },
    "timestamp": 1769625151
  }
}
