{
  "RSpec": {
    "coverage": {
      "/rails/app/models/user.rb": {
        "lines": [
          1,
          1,
          null,
          1,
          null,
          null,
          null,
          null,
          null,
          null,
          null,
          null,
          1,
          null,
          null,
          null,
          null,
          null,
          1,
          null,
          null,
          null,
          1,
          1,
          1,
          1,
          null,
          1,
          null,
          1,
          null,
          null,
          null,
          null,
          1,
          130,
          null,
          null,
          null,
          1,
          5,
          null,
          null
        ]
      },
      "/rails/app/models/application_record.rb": {
        "lines": [
          1,
          1,
          null
        ]
      },
      "/rails/app/models/jwt_denylist.rb": {
        "lines": [
          1,
          1,
          1,
          null
        ]
      },
      "/rails/app/jobs/auto_complete_sessions_job.rb": {
        "lines": [
          1,
          1,
          null,
          1,
          9,
          9,
          9,
          null,
          null
        ]
      },
      "/rails/app/jobs/application_job.rb": {
        "lines": [
          1,
          1,
          1,
          null
        ]
      },
      "/rails/app/jobs/cleanup_jwt_denylist_job.rb": {
        "lines": [
          1,
          1,
          null,
          1,
          5,
          5,
          null,
          null
        ]
      },
      "/rails/app/jobs/weekly_session_generation_job.rb": {
        "lines": [
          1,
          1,
          null,
          1,
          6,
          null,
          6,
          6,
          null,
          null,
          6,
          null
        ]
      },
      "/rails/app/models/clinical_note.rb": {
        "lines": [
          1,
          1,
          1,
          null,
          1,
          1,
          null
        ]
      },
      "/rails/app/models/patient_note.rb": {
        "lines": [
          1,
          1,
          null,
          1,
          1,
          null
        ]
      },
      "/rails/app/models/session.rb": {
        "lines": [
          1,
          1,
          null,
          1,
          null,
          null,
          null,
          null,
          null,
          null,
          1,
          null,
          null,
          null,
          null,
          1,
          1,
          null,
          null,
          null,
          null,
          1,
          19,
          null,
          null,
          null,
          null,
          1,
          null,
          null,
          null,
          1,
          392,
          null,
          390,
          390,
          null,
          389,
          null,
          null,
          null,
          null,
          null,
          null,
          null,
          null,
          null,
          null,
          null,
          389,
          null
        ]
      },
      "/rails/app/models/weekly_schedule.rb": {
        "lines": [
          1,
          1,
          null,
          1,
          null,
          null,
          null,
          null,
          1,
          1,
          1,
          null,
          null,
          null,
          null,
          1,
          null,
          null,
          1,
          3,
          null,
          null,
          null,
          null,
          1,
          3,
          null,
          null,
          null,
          null,
          null,
          null,
          1,
          23,
          null,
          null,
          null,
          1,
          10,
          8,
          null,
          null,
          1,
          2,
          null,
          null,
          1,
          null,
          1,
          99,
          null,
          16,
          1,
          null,
          null,
          null
        ]
      },
      "/rails/app/services/schedule_change_service.rb": {
        "lines": [
          null,
          null,
          null,
          null,
          null,
          null,
          null,
          null,
          null,
          null,
          null,
          1,
          1,
          null,
          1,
          27,
          27,
          27,
          27,
          27,
          null,
          null,
          1,
          27,
          null,
          21,
          null,
          6,
          null,
          null,
          22,
          null,
          null,
          1,
          null,
          null,
          null,
          1,
          21,
          17,
          17,
          17,
          16,
          null,
          null,
          1,
          6,
          6,
          null,
          null,
          null,
          null,
          null,
          null,
          null,
          null,
          null,
          null,
          1,
          23,
          null,
          null,
          null,
          null,
          null,
          null,
          null,
          null,
          1,
          23,
          null,
          null,
          null,
          null,
          null,
          null,
          null,
          null,
          1,
          17,
          17,
          17,
          null,
          17,
          21,
          null,
          null,
          null,
          null,
          null,
          null,
          1,
          1,
          1,
          null,
          null,
          null,
          null,
          null,
          1,
          21,
          21,
          null,
          21,
          18,
          null,
          null
        ]
      },
      "/rails/app/services/session_generator_service.rb": {
        "lines": [
          1,
          1,
          38,
          null,
          null,
          null,
          null,
          1,
          8,
          10,
          null,
          null,
          null,
          null,
          null,
          1,
          21,
          21,
          null,
          21,
          19,
          19,
          null,
          19,
          null,
          19,
          null,
          null,
          null,
          null,
          null,
          1,
          21,
          21,
          null,
          21,
          null,
          null,
          null,
          26,
          26,
          null,
          26,
          null,
          26,
          null,
          null,
          null,
          1,
          null,
          1,
          45,
          null,
          45,
          45,
          null,
          45,
          2052,
          300,
          null,
          300,
          null,
          300,
          273,
          null,
          null,
          null,
          null,
          2,
          null,
          null,
          null
        ]
      },
      "/rails/app/controllers/users/sessions_controller.rb": {
        "lines": [
          1,
          1,
          null,
          1,
          null,
          null,
          null,
          null,
          1,
          3,
          3,
          null,
          null,
          1,
          103,
          null,
          null,
          null,
          null,
          null,
          null,
          null,
          null,
          null,
          null,
          1,
          3,
          null,
          null
        ]
      },
      "/rails/app/controllers/application_controller.rb": {
        "lines": [
          1,
          253,
          null,
          1,
          null,
          1,
          103,
          62,
          41,
          41,
          null,
          0,
          null,
          null,
          null,
          1,
          25,
          null,
          2,
          null,
          null,
          null,
          null,
          null
        ]
      },
      "/rails/app/controllers/clients/dashboard_controller.rb": {
        "lines": [
          1,
          1,
          1,
          1,
          null,
          1,
          7,
          null,
          null,
          null,
          null,
          null,
          null,
          null,
          1,
          null,
          1,
          9,
          null,
          null,
          1,
          null,
          7,
          null,
          null,
          null,
          null,
          null,
          null,
          1,
          7,
          null,
          null,
          7,
          null,
          null,
          null,
          null,
          1,
          7,
          null,
          null,
          null,
          null,
          null,
          7,
          null,
          null,
          1,
          null,
          null,
          null,
          null,
          null,
          null,
          null,
          null,
          1,
          7,
          null,
          null,
          null,
          2,
          null,
          null,
          null,
          null,
          null
        ]
      },
      "/rails/app/controllers/clients/patient_notes_controller.rb": {
        "lines": [
          1,
          1,
          1,
          1,
          null,
          1,
          3,
          3,
          null,
          null,
          1,
          4,
          null,
          4,
          2,
          null,
          2,
          null,
          null,
          null,
          null,
          1,
          2,
          1,
          1,
          null,
          0,
          null,
          null,
          null,
          1,
          2,
          1,
          1,
          null,
          null,
          1,
          null,
          1,
          12,
          null,
          null,
          1,
          5,
          null
        ]
      },
      "/rails/app/controllers/clients/sessions_controller.rb": {
        "lines": [
          1,
          1,
          1,
          1,
          null,
          1,
          5,
          5,
          null,
          10,
          null,
          null,
          null,
          null,
          null,
          null,
          null,
          null,
          null,
          null,
          null,
          null,
          null,
          1,
          null,
          1,
          7,
          null
        ]
      },
      "/rails/app/controllers/therapists/clinical_notes_controller.rb": {
        "lines": [
          1,
          1,
          1,
          1,
          1,
          null,
          1,
          2,
          null,
          null,
          null,
          null,
          null,
          1,
          5,
          null,
          null,
          null,
          null,
          null,
          5,
          3,
          null,
          2,
          null,
          null,
          null,
          1,
          1,
          null,
          null,
          1,
          1,
          1,
          null,
          0,
          null,
          null,
          null,
          1,
          1,
          1,
          null,
          null,
          1,
          null,
          1,
          16,
          null,
          null,
          1,
          15,
          15,
          null,
          null,
          1,
          6,
          6,
          null,
          null
        ]
      },
      "/rails/app/controllers/therapists/dashboard_controller.rb": {
        "lines": [
          1,
          1,
          1,
          null,
          1,
          10,
          null,
          10,
          null,
          null,
          null,
          null,
          null,
          10,
          null,
          null,
          null,
          10,
          null,
          null,
          null,
          null,
          null,
          null,
          1,
          null,
          1,
          11,
          null,
          null,
          1,
          10,
          null,
          null,
          null,
          10,
          null,
          null,
          null,
          null,
          null,
          null,
          null,
          null,
          null,
          1,
          10,
          null,
          null,
          null,
          11,
          11,
          null,
          null,
          11,
          11,
          13,
          null,
          11,
          null,
          null,
          11,
          null,
          null,
          null,
          null,
          null,
          null,
          11,
          null,
          11,
          null,
          11,
          null,
          null,
          null,
          0,
          0,
          null,
          null,
          11,
          11,
          null,
          null,
          null,
          2,
          null,
          null,
          1,
          null,
          null,
          null,
          null,
          1,
          10,
          2,
          null,
          2,
          null,
          null,
          null,
          null,
          null,
          null,
          null,
          null,
          null,
          null,
          null,
          null,
          null
        ]
      },
      "/rails/app/controllers/therapists/patients_controller.rb": {
        "lines": [
          1,
          1,
          1,
          1,
          null,
          1,
          3,
          9,
          null,
          null,
          1,
          1,
          null,
          null,
          1,
          8,
          8,
          8,
          8,
          8,
          null,
          8,
          8,
          null,
          7,
          null,
          3,
          null,
          null,
          null,
          null,
          null,
          null,
          null,
          1,
          null,
          null,
          6,
          null,
          null,
          null,
          null,
          1,
          null,
          1,
          null,
          null,
          1,
          3,
          3,
          null,
          3,
          null,
          3,
          null,
          1,
          null,
          null,
          null,
          null,
          null,
          null,
          null,
          null,
          1,
          null,
          null,
          null,
          null,
          null,
          null,
          1,
          null,
          1,
          null,
          null,
          0,
          null,
          null,
          null,
          3,
          3,
          null,
          null,
          null,
          0,
          null,
          0,
          null,
          null,
          1,
          2,
          2,
          null,
          null,
          1,
          null,
          1,
          21,
          null,
          null,
          1,
          9,
          null,
          null,
          null,
          null,
          1,
          11,
          null,
          null,
          1,
          null,
          4,
          null,
          null,
          null,
          null,
          null,
          1,
          3,
          null,
          1,
          null,
          0,
          null,
          null,
          1,
          1,
          null,
          1,
          1,
          null,
          1,
          null,
          null,
          null,
          null,
          null,
          null,
          null,
          null,
          1,
          1,
          null,
          1,
          null,
          null,
          null,
          1,
          null,
          1,
          1,
          null,
          1,
          null,
          null,
          1,
          null,
          16,
          16,
          16,
          63,
          null,
          16,
          null,
          null,
          16,
          null,
          null,
          null,
          null,
          null,
          null,
          null,
          null,
          16,
          16,
          null,
          2,
          2,
          null,
          null,
          0,
          null,
          null,
          0,
          null,
          null,
          null
        ]
      },
      "/rails/app/controllers/therapists/sessions_controller.rb": {
        "lines": [
          1,
          1,
          1,
          null,
          1,
          null,
          null,
          null,
          1,
          null,
          null,
          1,
          null,
          null,
          null,
          null,
          null,
          1,
          6,
          null,
          5,
          5,
          1,
          1,
          null,
          null,
          4,
          null,
          null,
          null,
          null,
          null,
          4,
          3,
          null,
          1,
          null,
          null,
          null,
          1,
          10,
          null,
          null,
          null,
          9,
          null,
          9,
          4,
          4,
          null,
          null,
          5,
          5,
          1,
          null,
          null,
          1,
          null,
          null,
          4,
          4,
          null,
          0,
          null,
          null,
          null,
          1,
          null,
          1,
          17,
          null
        ]
      },
      "/rails/app/controllers/users/passwords_controller.rb": {
        "lines": [
          1,
          1,
          null,
          1,
          6,
          6,
          null,
          6,
          1,
          1,
          null,
          null,
          5,
          1,
          1,
          null,
          null,
          4,
          4,
          4,
          4,
          null,
          0,
          null,
          null,
          null,
          1,
          null,
          1,
          4,
          4,
          null,
          4,
          4,
          4,
          4,
          null,
          4,
          null,
          null,
          null,
          null
        ]
      },
      "/rails/app/controllers/users/devise_passwords_controller.rb": {
        "lines": [
          1,
          1,
          null,
          null,
          null,
          1,
          7,
          null,
          7,
          null,
          null,
          null,
          null,
          null,
          null,
          1,
          0,
          null,
          0,
          0,
          null,
          0,
          null,
          null,
          null,
          1,
          null,
          1,
          7,
          null,
          null
        ]
      },
      "/rails/app/controllers/users/registrations_controller.rb": {
        "lines": [
          1,
          1,
          null,
          1,
          13,
          13,
          null,
          null,
          null,
          13,
          null,
          13,
          null,
          13,
          null,
          13,
          5,
          null,
          null,
          null,
          null,
          null,
          null,
          null,
          null,
          8,
          null,
          null,
          null,
          1,
          null,
          1,
          13,
          null,
          null
        ]
      },
      "/rails/app/controllers/home_controller.rb": {
        "lines": [
          0,
          null,
          0,
          null,
          0,
          0,
          0,
          0,
          0,
          0,
          0,
          0,
          0,
          0,
          0,
          0,
          0,
          0,
          0,
          0,
          0,
          0
        ],
        "branches": {}
      },
      "/rails/app/mailers/application_mailer.rb": {
        "lines": [
          0,
          0,
          0,
          0
        ],
        "branches": {}
      }
    },
    "timestamp": 1772041065
  }
}
